<?xml version="1.0" encoding="UTF-8"?>
<!-- Generated by org.testng.reporters.JUnitXMLReporter -->
<testsuite hostname="Admin-PC" name="Default test" tests="4" failures="0" timestamp="10 Sep 2017 16:49:09 GMT" time="1.262" errors="0">
  <testcase name="testA1" time="0.149" classname="suiteA.TestA1"/>
  <testcase name="testA1" time="0.057" classname="suiteA.TestA1">
    <skipped/>
  </testcase> <!-- testA1 -->
  <testcase name="testA1" time="0.131" classname="suiteA.TestA1">
    <skipped/>
  </testcase> <!-- testA1 -->
  <testcase name="testA1" time="0.149" classname="suiteA.TestA1">
    <skipped/>
  </testcase> <!-- testA1 -->
</testsuite> <!-- Default test -->
