<?xml version="1.0" encoding="UTF-8"?>
<!-- Generated by org.testng.reporters.JUnitXMLReporter -->
<testsuite hostname="Admin-PC" name="Test A2" tests="3" failures="0" timestamp="11 Sep 2017 19:13:11 GMT" time="0.356" errors="0">
  <testcase name="testA2" time="0.125" classname="suiteA.TestA2">
    <skipped/>
  </testcase> <!-- testA2 -->
  <testcase name="testA2" time="0.084" classname="suiteA.TestA2">
    <skipped/>
  </testcase> <!-- testA2 -->
  <testcase name="testA2" time="0.104" classname="suiteA.TestA2">
    <skipped/>
  </testcase> <!-- testA2 -->
</testsuite> <!-- Test A2 -->
