<?xml version="1.0" encoding="UTF-8"?>
<!-- Generated by org.testng.reporters.JUnitXMLReporter -->
<testsuite hostname="Admin-PC" name="Test A1" tests="4" failures="0" timestamp="11 Sep 2017 19:13:10 GMT" time="1.152" errors="0">
  <testcase name="testA1" time="0.125" classname="suiteA.TestA1"/>
  <testcase name="testA1" time="0.126" classname="suiteA.TestA1">
    <skipped/>
  </testcase> <!-- testA1 -->
  <testcase name="testA1" time="0.101" classname="suiteA.TestA1">
    <skipped/>
  </testcase> <!-- testA1 -->
  <testcase name="testA1" time="0.057" classname="suiteA.TestA1">
    <skipped/>
  </testcase> <!-- testA1 -->
</testsuite> <!-- Test A1 -->
