<?xml version="1.0" encoding="UTF-8"?>
<!-- Generated by org.testng.reporters.JUnitXMLReporter -->
<testsuite hostname="Admin-PC" name="Test B1" tests="3" failures="0" timestamp="11 Sep 2017 19:13:11 GMT" time="0.438" errors="0">
  <testcase name="testB1" time="0.128" classname="suiteB.TestB1">
    <skipped/>
  </testcase> <!-- testB1 -->
  <testcase name="testB1" time="0.198" classname="suiteB.TestB1">
    <skipped/>
  </testcase> <!-- testB1 -->
  <testcase name="testB1" time="0.058" classname="suiteB.TestB1">
    <skipped/>
  </testcase> <!-- testB1 -->
</testsuite> <!-- Test B1 -->
